<?xml version="1.0" encoding="utf-8"?><testsuite errors="0" failures="0" name="pytest" skips="0" tests="8" time="0.135"><testcase classname="test_submit.TestChallenge1" file="test_submit.py" line="29" name="test_len" time="0.0012135505676269531"></testcase><testcase classname="test_submit.TestChallenge1" file="test_submit.py" line="33" name="test_1" time="0.001094818115234375"></testcase><testcase classname="test_submit.TestChallenge1" file="test_submit.py" line="37" name="test_2" time="0.0008230209350585938"></testcase><testcase classname="test_submit.TestChallenge1" file="test_submit.py" line="41" name="test_3" time="0.000804901123046875"></testcase><testcase classname="test_submit.TestChallenge1" file="test_submit.py" line="45" name="test_4" time="0.0008807182312011719"></testcase><testcase classname="test_submit.TestChallenge1" file="test_submit.py" line="49" name="test_5" time="0.0027685165405273438"></testcase><testcase classname="test_submit.TestChallenge1" file="test_submit.py" line="53" name="test_6" time="0.001407623291015625"></testcase><testcase classname="test_submit.TestChallenge1" file="test_submit.py" line="57" name="test_7" time="0.0008685588836669922"></testcase></testsuite>